<?xml version="1.0" encoding="UTF-8"?>
<!-- Generated by org.testng.reporters.JUnitReportReporter -->
<testsuite skipped="0" hostname="Varuns-MacBook-Pro.local" name="com.dmi.globalization.execution.Driver" tests="1" failures="0" timestamp="23 Feb 2018 13:54:59 GMT" time="272.507" errors="0">
  <testcase name="main" time="272.507" classname="com.dmi.globalization.execution.Driver"/>
</testsuite> <!-- com.dmi.globalization.execution.Driver -->
